This is pdfTeX, Version 3.1415926-1.40.10 (MiKTeX 2.8) (preloaded format=pdflatex 2010.8.24)  3 OCT 2010 20:17
entering extended mode
**einfuehrung
("C:\Users\Xenia\Eigene Dateien\diplomarbeit\Einführung\einfuehrung.tex"
LaTeX2e <2009/09/24>
Babel <v3.8l> and hyphenation patterns for english, dumylang, nohyphenation, ge
rman, ngerman, german-x-2009-06-19, ngerman-x-2009-06-19, french, loaded.
("C:\Program Files\MiKTeX 2.8\tex\latex\base\article.cls"
Document Class: article 2007/10/19 v1.4h Standard LaTeX document class
("C:\Program Files\MiKTeX 2.8\tex\latex\base\size11.clo"
File: size11.clo 2007/10/19 v1.4h Standard LaTeX file (size option)
)
\c@part=\count79
\c@section=\count80
\c@subsection=\count81
\c@subsubsection=\count82
\c@paragraph=\count83
\c@subparagraph=\count84
\c@figure=\count85
\c@table=\count86
\abovecaptionskip=\skip41
\belowcaptionskip=\skip42
\bibindent=\dimen102
)
("C:\Program Files\MiKTeX 2.8\tex\latex\amsfonts\amsfonts.sty"
Package: amsfonts 2009/06/22 v3.00 Basic AMSFonts support
\@emptytoks=\toks14
\symAMSa=\mathgroup4
\symAMSb=\mathgroup5
LaTeX Font Info:    Overwriting math alphabet `\mathfrak' in version `bold'
(Font)                  U/euf/m/n --> U/euf/b/n on input line 96.
)
("C:\Program Files\MiKTeX 2.8\tex\latex\ams\math\amsmath.sty"
Package: amsmath 2000/07/18 v2.13 AMS math features
\@mathmargin=\skip43

For additional information on amsmath, use the `?' option.
("C:\Program Files\MiKTeX 2.8\tex\latex\ams\math\amstext.sty"
Package: amstext 2000/06/29 v2.01

("C:\Program Files\MiKTeX 2.8\tex\latex\ams\math\amsgen.sty"
File: amsgen.sty 1999/11/30 v2.0
\@emptytoks=\toks15
\ex@=\dimen103
))
("C:\Program Files\MiKTeX 2.8\tex\latex\ams\math\amsbsy.sty"
Package: amsbsy 1999/11/29 v1.2d
\pmbraise@=\dimen104
)
("C:\Program Files\MiKTeX 2.8\tex\latex\ams\math\amsopn.sty"
Package: amsopn 1999/12/14 v2.01 operator names
)
\inf@bad=\count87
LaTeX Info: Redefining \frac on input line 211.
\uproot@=\count88
\leftroot@=\count89
LaTeX Info: Redefining \overline on input line 307.
\classnum@=\count90
\DOTSCASE@=\count91
LaTeX Info: Redefining \ldots on input line 379.
LaTeX Info: Redefining \dots on input line 382.
LaTeX Info: Redefining \cdots on input line 467.
\Mathstrutbox@=\box26
\strutbox@=\box27
\big@size=\dimen105
LaTeX Font Info:    Redeclaring font encoding OML on input line 567.
LaTeX Font Info:    Redeclaring font encoding OMS on input line 568.
\macc@depth=\count92
\c@MaxMatrixCols=\count93
\dotsspace@=\muskip10
\c@parentequation=\count94
\dspbrk@lvl=\count95
\tag@help=\toks16
\row@=\count96
\column@=\count97
\maxfields@=\count98
\andhelp@=\toks17
\eqnshift@=\dimen106
\alignsep@=\dimen107
\tagshift@=\dimen108
\tagwidth@=\dimen109
\totwidth@=\dimen110
\lineht@=\dimen111
\@envbody=\toks18
\multlinegap=\skip44
\multlinetaggap=\skip45
\mathdisplay@stack=\toks19
LaTeX Info: Redefining \[ on input line 2666.
LaTeX Info: Redefining \] on input line 2667.
)
("C:\Program Files\MiKTeX 2.8\tex\latex\amsfonts\amssymb.sty"
Package: amssymb 2009/06/22 v3.00
)
("C:\Program Files\MiKTeX 2.8\tex\latex\base\inputenc.sty"
Package: inputenc 2008/03/30 v1.1d Input encoding file
\inpenc@prehook=\toks20
\inpenc@posthook=\toks21

("C:\Program Files\MiKTeX 2.8\tex\latex\base\latin1.def"
File: latin1.def 2008/03/30 v1.1d Input encoding file
))
\c@excnt=\count99
\c@thm=\count100
\c@lemma=\count101

("C:\Users\Xenia\Eigene Dateien\diplomarbeit\Einführung\einfuehrung.aux")
LaTeX Font Info:    Checking defaults for OML/cmm/m/it on input line 25.
LaTeX Font Info:    ... okay on input line 25.
LaTeX Font Info:    Checking defaults for T1/cmr/m/n on input line 25.
LaTeX Font Info:    ... okay on input line 25.
LaTeX Font Info:    Checking defaults for OT1/cmr/m/n on input line 25.
LaTeX Font Info:    ... okay on input line 25.
LaTeX Font Info:    Checking defaults for OMS/cmsy/m/n on input line 25.
LaTeX Font Info:    ... okay on input line 25.
LaTeX Font Info:    Checking defaults for OMX/cmex/m/n on input line 25.
LaTeX Font Info:    ... okay on input line 25.
LaTeX Font Info:    Checking defaults for U/cmr/m/n on input line 25.
LaTeX Font Info:    ... okay on input line 25.
LaTeX Font Info:    Try loading font information for U+msa on input line 28.

("C:\Program Files\MiKTeX 2.8\tex\latex\amsfonts\umsa.fd"
File: umsa.fd 2009/06/22 v3.00 AMS symbols A
)
LaTeX Font Info:    Try loading font information for U+msb on input line 28.

("C:\Program Files\MiKTeX 2.8\tex\latex\amsfonts\umsb.fd"
File: umsb.fd 2009/06/22 v3.00 AMS symbols B
)

LaTeX Warning: No \author given.


Underfull \hbox (badness 10000) in paragraph at lines 30--51

 []

[1

{C:/ProgramData/MiKTeX/2.8/pdftex/config/pdftex.map}]
Underfull \hbox (badness 10000) in paragraph at lines 56--86

 []

[2]
Overfull \hbox (3.08414pt too wide) in paragraph at lines 108--138
\OT1/cmr/m/n/10.95 manche dieser Primarideale ver-gle-ich-bare Radikale habe, 
mit an-deren Worten
 []


Underfull \hbox (badness 10000) in paragraph at lines 108--138

 []


Underfull \hbox (badness 10000) in paragraph at lines 139--144

 []

[3] [4]
Overfull \hbox (7.73784pt too wide) in paragraph at lines 148--159
\OT1/cmr/m/n/10.95 Teilweise verzichten wir auf Be-weise und ver-weisen stattde
ssen auf die Quellen. 
 []


Overfull \hbox (0.38559pt too wide) in paragraph at lines 148--159
\OT1/cmr/m/n/10.95 Zuerst be-tra-chten wir fur ein Ideal $\OML/cmm/m/it/10.95 
I$ \OT1/cmr/m/n/10.95 in einem Poly-nom-ring $\OML/cmm/m/it/10.95 A \OT1/cmr/m/
n/10.95 = \OML/cmm/m/it/10.95 R\OT1/cmr/m/n/10.95 [\OML/cmm/m/it/10.95 x[]; [] 
; x[]\OT1/cmr/m/n/10.95 ]$
 []


Underfull \hbox (badness 10000) in paragraph at lines 148--159

 []

LaTeX Font Info:    Try loading font information for U+euf on input line 176.
("C:\Program Files\MiKTeX 2.8\tex\latex\amsfonts\ueuf.fd"
File: ueuf.fd 2009/06/22 v3.00 Euler Fraktur
)
Underfull \hbox (badness 10000) in paragraph at lines 194--198

 []

[5]
Overfull \hbox (2.26pt too wide) in paragraph at lines 206--207
[]\OT1/cmr/m/n/10.95 Das ko-r-rekte Anal-o-gon zu einer Potenz einer Primzahl i
st ein Primarideal: 
 []


Underfull \hbox (badness 10000) in paragraph at lines 206--207

 []


Overfull \hbox (4.20396pt too wide) in paragraph at lines 210--212
[]\OT1/cmr/m/it/10.95 Ein Ideal $\OML/cmm/m/it/10.95 Q$ \OT1/cmr/m/it/10.95 ein
es Ringes $\OML/cmm/m/it/10.95 A$ \OT1/cmr/m/it/10.95 heisst
 []


Underfull \hbox (badness 10000) in paragraph at lines 210--212

 []


Underfull \hbox (badness 10000) in paragraph at lines 217--219

 []


Underfull \hbox (badness 10000) in paragraph at lines 228--230

 []


Underfull \hbox (badness 10000) in paragraph at lines 232--236

 []

[6]
Overfull \hbox (0.21483pt too wide) in paragraph at lines 252--255
\OT1/cmr/m/n/10.95 as-sozi-ierten Prim-ide-ale ge-fun-den hat, ist diese Tat-sa
che nutzlich. Umgekehrt
 []


Underfull \hbox (badness 10000) in paragraph at lines 252--255

 []


Underfull \hbox (badness 10000) in paragraph at lines 276--284

 []


Underfull \hbox (badness 10000) in paragraph at lines 286--292

 []


Underfull \hbox (badness 10000) in paragraph at lines 294--299

 []

[7]
Underfull \hbox (badness 10000) in paragraph at lines 310--319

 []


Underfull \hbox (badness 10000) in paragraph at lines 337--341

 []

[8] ("C:\Users\Xenia\Eigene Dateien\diplomarbeit\Einführung\einfuehrung.aux") )
 
Here is how much of TeX's memory you used:
 1220 strings out of 495285
 13943 string characters out of 3180394
 63792 words of memory out of 3000000
 4444 multiletter control sequences out of 15000+200000
 13107 words of font info for 49 fonts, out of 3000000 for 9000
 14 hyphenation exceptions out of 8191
 27i,9n,22p,223b,197s stack positions out of 5000i,500n,10000p,200000b,50000s
<C:/Program Files/MiKTeX 2.8/fonts/type1/public/amsfonts/cm/cmbx10.pfb><C:/Prog
ram Files/MiKTeX 2.8/fonts/type1/public/amsfonts/cm/cmbx12.pfb><C:/Program File
s/MiKTeX 2.8/fonts/type1/public/amsfonts/cm/cmex10.pfb><C:/Program Files/MiKTeX
 2.8/fonts/type1/public/amsfonts/cm/cmmi10.pfb><C:/Program Files/MiKTeX 2.8/fon
ts/type1/public/amsfonts/cm/cmmi8.pfb><C:/Program Files/MiKTeX 2.8/fonts/type1/
public/amsfonts/cm/cmr10.pfb><C:/Program Files/MiKTeX 2.8/fonts/type1/public/am
sfonts/cm/cmr12.pfb><C:/Program Files/MiKTeX 2.8/fonts/type1/public/amsfonts/cm
/cmr8.pfb><C:/Program Files/MiKTeX 2.8/fonts/type1/public/amsfonts/cm/cmsy10.pf
b><C:/Program Files/MiKTeX 2.8/fonts/type1/public/amsfonts/cm/cmsy6.pfb><C:/Pro
gram Files/MiKTeX 2.8/fonts/type1/public/amsfonts/cm/cmsy8.pfb><C:/Program File
s/MiKTeX 2.8/fonts/type1/public/amsfonts/cm/cmti10.pfb><C:/Program Files/MiKTeX
 2.8/fonts/type1/public/amsfonts/euler/eufm10.pfb><C:/Program Files/MiKTeX 2.8/
fonts/type1/public/amsfonts/symbols/msbm10.pfb>
Output written on einfuehrung.pdf (8 pages, 189607 bytes).
PDF statistics:
 85 PDF objects out of 1000 (max. 8388607)
 0 named destinations out of 1000 (max. 500000)
 1 words of extra memory for PDF output out of 10000 (max. 10000000)

