This is pdfTeX, Version 3.1415926-1.40.10 (MiKTeX 2.8) (preloaded format=pdflatex 2010.8.24)  4 OCT 2010 01:10
entering extended mode
**anhang
("C:\Users\Xenia\Eigene Dateien\diplomarbeit\Anhang\anhang.tex"
LaTeX2e <2009/09/24>
Babel <v3.8l> and hyphenation patterns for english, dumylang, nohyphenation, ge
rman, ngerman, german-x-2009-06-19, ngerman-x-2009-06-19, french, loaded.
("C:\Program Files\MiKTeX 2.8\tex\latex\base\article.cls"
Document Class: article 2007/10/19 v1.4h Standard LaTeX document class
("C:\Program Files\MiKTeX 2.8\tex\latex\base\size11.clo"
File: size11.clo 2007/10/19 v1.4h Standard LaTeX file (size option)
)
\c@part=\count79
\c@section=\count80
\c@subsection=\count81
\c@subsubsection=\count82
\c@paragraph=\count83
\c@subparagraph=\count84
\c@figure=\count85
\c@table=\count86
\abovecaptionskip=\skip41
\belowcaptionskip=\skip42
\bibindent=\dimen102
)
("C:\Program Files\MiKTeX 2.8\tex\latex\amsfonts\amsfonts.sty"
Package: amsfonts 2009/06/22 v3.00 Basic AMSFonts support
\@emptytoks=\toks14
\symAMSa=\mathgroup4
\symAMSb=\mathgroup5
LaTeX Font Info:    Overwriting math alphabet `\mathfrak' in version `bold'
(Font)                  U/euf/m/n --> U/euf/b/n on input line 96.
)
("C:\Program Files\MiKTeX 2.8\tex\latex\ams\math\amsmath.sty"
Package: amsmath 2000/07/18 v2.13 AMS math features
\@mathmargin=\skip43

For additional information on amsmath, use the `?' option.
("C:\Program Files\MiKTeX 2.8\tex\latex\ams\math\amstext.sty"
Package: amstext 2000/06/29 v2.01

("C:\Program Files\MiKTeX 2.8\tex\latex\ams\math\amsgen.sty"
File: amsgen.sty 1999/11/30 v2.0
\@emptytoks=\toks15
\ex@=\dimen103
))
("C:\Program Files\MiKTeX 2.8\tex\latex\ams\math\amsbsy.sty"
Package: amsbsy 1999/11/29 v1.2d
\pmbraise@=\dimen104
)
("C:\Program Files\MiKTeX 2.8\tex\latex\ams\math\amsopn.sty"
Package: amsopn 1999/12/14 v2.01 operator names
)
\inf@bad=\count87
LaTeX Info: Redefining \frac on input line 211.
\uproot@=\count88
\leftroot@=\count89
LaTeX Info: Redefining \overline on input line 307.
\classnum@=\count90
\DOTSCASE@=\count91
LaTeX Info: Redefining \ldots on input line 379.
LaTeX Info: Redefining \dots on input line 382.
LaTeX Info: Redefining \cdots on input line 467.
\Mathstrutbox@=\box26
\strutbox@=\box27
\big@size=\dimen105
LaTeX Font Info:    Redeclaring font encoding OML on input line 567.
LaTeX Font Info:    Redeclaring font encoding OMS on input line 568.
\macc@depth=\count92
\c@MaxMatrixCols=\count93
\dotsspace@=\muskip10
\c@parentequation=\count94
\dspbrk@lvl=\count95
\tag@help=\toks16
\row@=\count96
\column@=\count97
\maxfields@=\count98
\andhelp@=\toks17
\eqnshift@=\dimen106
\alignsep@=\dimen107
\tagshift@=\dimen108
\tagwidth@=\dimen109
\totwidth@=\dimen110
\lineht@=\dimen111
\@envbody=\toks18
\multlinegap=\skip44
\multlinetaggap=\skip45
\mathdisplay@stack=\toks19
LaTeX Info: Redefining \[ on input line 2666.
LaTeX Info: Redefining \] on input line 2667.
)
("C:\Program Files\MiKTeX 2.8\tex\latex\amsfonts\amssymb.sty"
Package: amssymb 2009/06/22 v3.00
)
("C:\Program Files\MiKTeX 2.8\tex\latex\base\inputenc.sty"
Package: inputenc 2008/03/30 v1.1d Input encoding file
\inpenc@prehook=\toks20
\inpenc@posthook=\toks21

("C:\Program Files\MiKTeX 2.8\tex\latex\base\latin1.def"
File: latin1.def 2008/03/30 v1.1d Input encoding file
))
\c@excnt=\count99
\c@thm=\count100
\c@lemma=\count101

("C:\Users\Xenia\Eigene Dateien\diplomarbeit\Anhang\anhang.aux")
LaTeX Font Info:    Checking defaults for OML/cmm/m/it on input line 26.
LaTeX Font Info:    ... okay on input line 26.
LaTeX Font Info:    Checking defaults for T1/cmr/m/n on input line 26.
LaTeX Font Info:    ... okay on input line 26.
LaTeX Font Info:    Checking defaults for OT1/cmr/m/n on input line 26.
LaTeX Font Info:    ... okay on input line 26.
LaTeX Font Info:    Checking defaults for OMS/cmsy/m/n on input line 26.
LaTeX Font Info:    ... okay on input line 26.
LaTeX Font Info:    Checking defaults for OMX/cmex/m/n on input line 26.
LaTeX Font Info:    ... okay on input line 26.
LaTeX Font Info:    Checking defaults for U/cmr/m/n on input line 26.
LaTeX Font Info:    ... okay on input line 26.
LaTeX Font Info:    Try loading font information for U+msa on input line 28.

("C:\Program Files\MiKTeX 2.8\tex\latex\amsfonts\umsa.fd"
File: umsa.fd 2009/06/22 v3.00 AMS symbols A
)
LaTeX Font Info:    Try loading font information for U+msb on input line 28.

("C:\Program Files\MiKTeX 2.8\tex\latex\amsfonts\umsb.fd"
File: umsb.fd 2009/06/22 v3.00 AMS symbols B
)

LaTeX Warning: No \author given.


Underfull \hbox (badness 10000) in paragraph at lines 46--50

 []


Overfull \hbox (7.48709pt too wide) in paragraph at lines 53--55
[]\OT1/cmr/m/it/10.95 Seien $\OML/cmm/m/it/10.95 I; J$ \OT1/cmr/m/it/10.95 Ide-
ale eines noether-schen Rin-
 []


Underfull \hbox (badness 10000) in paragraph at lines 53--55

 []


Underfull \hbox (badness 10000) in paragraph at lines 60--62

 []


Underfull \hbox (badness 10000) in paragraph at lines 62--65

 []

[1

{C:/ProgramData/MiKTeX/2.8/pdftex/config/pdftex.map}]
Underfull \hbox (badness 10000) in paragraph at lines 65--69

 []


Underfull \hbox (badness 10000) in paragraph at lines 70--76

 []


Underfull \hbox (badness 10000) in paragraph at lines 83--86

 []


Underfull \hbox (badness 10000) in paragraph at lines 107--110

 []

[2]
Underfull \hbox (badness 10000) in paragraph at lines 114--118

 []


Underfull \hbox (badness 10000) in paragraph at lines 139--157

 []

[3]
Underfull \hbox (badness 10000) in paragraph at lines 158--160

 []


Underfull \hbox (badness 10000) in paragraph at lines 167--181

 []


Underfull \hbox (badness 10000) in paragraph at lines 200--210

 []

[4]
Underfull \hbox (badness 10000) in paragraph at lines 212--215

 []


Overfull \hbox (3.97559pt too wide) in paragraph at lines 218--229
\OT1/cmr/m/n/10.95 Fur die umgekehrte Inklu-sion be-tra-chten wir $\OML/cmm/m/
it/10.95 f \OMS/cmsy/m/n/10.95 2 \OML/cmm/m/it/10.95 Q[]$\OT1/cmr/m/n/10.95 . F
ur jedes $\OML/cmm/m/it/10.95 i \OMS/cmsy/m/n/10.95 2 f\OT1/cmr/m/n/10.95 1\OM
L/cmm/m/it/10.95 ; [] ; r\OMS/cmsy/m/n/10.95 g$\OT1/cmr/m/n/10.95 ,
 []


Overfull \hbox (3.87498pt too wide) in paragraph at lines 231--235
\OT1/cmr/m/n/10.95 In der Primarzerlegung wollen wir unnotige Primarideale a
uss-chliessen, damit
 []


Underfull \hbox (badness 10000) in paragraph at lines 231--235

 []


Underfull \hbox (badness 10000) in paragraph at lines 237--239

 []


Underfull \hbox (badness 10000) in paragraph at lines 243--248

 []

[5]
Underfull \hbox (badness 10000) in paragraph at lines 262--276

 []


Overfull \hbox (6.22926pt too wide) in paragraph at lines 278--281
\OT1/cmr/m/it/10.95 schen $\OML/cmm/m/it/10.95 k$ \OT1/cmr/m/it/10.95 El-e-ment
en $\OML/cmm/m/it/10.95 f[]; []  ; f[]$ \OT1/cmr/m/it/10.95 eines $\OML/cmm/m/i
t/10.95 R$\OT1/cmr/m/it/10.95 -Moduls $\OML/cmm/m/it/10.95 M$ \OT1/cmr/m/it/10.
95 ist ein $\OML/cmm/m/it/10.95 k$\OT1/cmr/m/it/10.95 -Tupel $\OT1/cmr/m/n/10.9
5 (\OML/cmm/m/it/10.95 g[]; []  ; g[]\OT1/cmr/m/n/10.95 ) \OMS/cmsy/m/n/10.95 2

 []


Underfull \hbox (badness 10000) in paragraph at lines 278--281

 []


Underfull \hbox (badness 10000) in paragraph at lines 281--284

 []


Underfull \hbox (badness 10000) in paragraph at lines 284--288

 []

[6]
Underfull \hbox (badness 10000) in paragraph at lines 325--334

 []


Underfull \hbox (badness 10000) in paragraph at lines 336--346

 []

[7]
Underfull \hbox (badness 10000) in paragraph at lines 348--350

 []


Underfull \hbox (badness 10000) in paragraph at lines 352--358

 []

[8]
Underfull \hbox (badness 10000) in paragraph at lines 385--391

 []


Underfull \hbox (badness 10000) in paragraph at lines 405--408

 []

[9]
Underfull \hbox (badness 10000) in paragraph at lines 422--427

 []

[10]
Underfull \hbox (badness 2150) in paragraph at lines 463--466
[]\OT1/cmr/m/n/14.4 A\OT1/cmr/m/n/10.95 BRAHAM \OT1/cmr/m/n/14.4 S\OT1/cmr/m/n/
10.95 EIDENBERG: \OT1/cmr/m/it/10.95 Con-struc-tions in al-ge-bra\OT1/cmr/m/n/1
0.95 . RI:
 []

[11] ("C:\Users\Xenia\Eigene Dateien\diplomarbeit\Anhang\anhang.aux") ) 
Here is how much of TeX's memory you used:
 1220 strings out of 495285
 13720 string characters out of 3180394
 64792 words of memory out of 3000000
 4449 multiletter control sequences out of 15000+200000
 12399 words of font info for 46 fonts, out of 3000000 for 9000
 14 hyphenation exceptions out of 8191
 27i,7n,22p,218b,226s stack positions out of 5000i,500n,10000p,200000b,50000s
<C:/Prog
ram Files/MiKTeX 2.8/fonts/type1/public/amsfonts/cm/cmbx10.pfb><C:/Program File
s/MiKTeX 2.8/fonts/type1/public/amsfonts/cm/cmbx12.pfb><C:/Program Files/MiKTeX
 2.8/fonts/type1/public/amsfonts/cm/cmex10.pfb><C:/Program Files/MiKTeX 2.8/fon
ts/type1/public/amsfonts/cm/cmmi10.pfb><C:/Program Files/MiKTeX 2.8/fonts/type1
/public/amsfonts/cm/cmmi6.pfb><C:/Program Files/MiKTeX 2.8/fonts/type1/public/a
msfonts/cm/cmmi8.pfb><C:/Program Files/MiKTeX 2.8/fonts/type1/public/amsfonts/c
m/cmr10.pfb><C:/Program Files/MiKTeX 2.8/fonts/type1/public/amsfonts/cm/cmr12.p
fb><C:/Program Files/MiKTeX 2.8/fonts/type1/public/amsfonts/cm/cmr17.pfb><C:/Pr
ogram Files/MiKTeX 2.8/fonts/type1/public/amsfonts/cm/cmr6.pfb><C:/Program File
s/MiKTeX 2.8/fonts/type1/public/amsfonts/cm/cmr8.pfb><C:/Program Files/MiKTeX 2
.8/fonts/type1/public/amsfonts/cm/cmsy10.pfb><C:/Program Files/MiKTeX 2.8/fonts
/type1/public/amsfonts/cm/cmsy6.pfb><C:/Program Files/MiKTeX 2.8/fonts/type1/pu
blic/amsfonts/cm/cmsy8.pfb><C:/Program Files/MiKTeX 2.8/fonts/type1/public/amsf
onts/cm/cmti10.pfb><C:/Program Files/MiKTeX 2.8/fonts/type1/public/amsfonts/sym
bols/msbm10.pfb>
Output written on anhang.pdf (11 pages, 229510 bytes).
PDF statistics:
 102 PDF objects out of 1000 (max. 8388607)
 0 named destinations out of 1000 (max. 500000)
 1 words of extra memory for PDF output out of 10000 (max. 10000000)

